actionid: tox
msg: packaging
cmdargs: ['/usr/bin/python', local('/tmp/pyexample/setup.py'), 'sdist', '--formats=zip', '--dist-dir', local('/tmp/pyexample/.tox/dist')]
env: None

running sdist
running check
reading manifest template 'MANIFEST.in'
writing manifest file 'MANIFEST'
creating PyLexer-1.0
creating PyLexer-1.0/rackindexer
making hard links in PyLexer-1.0...
hard linking README.txt -> PyLexer-1.0
hard linking setup.py -> PyLexer-1.0
hard linking rackindexer/__init__.py -> PyLexer-1.0/rackindexer
hard linking rackindexer/core.py -> PyLexer-1.0/rackindexer
creating '.tox/dist/PyLexer-1.0.zip' and adding 'PyLexer-1.0' to it
adding 'PyLexer-1.0/PKG-INFO'
adding 'PyLexer-1.0/README.txt'
adding 'PyLexer-1.0/setup.py'
adding 'PyLexer-1.0/rackindexer/core.py'
adding 'PyLexer-1.0/rackindexer/__init__.py'
removing 'PyLexer-1.0' (and everything under it)
